<?xml version="1.0" encoding="UTF-8"?>
<testng-results skipped="0" failed="0" ignored="0" total="1" passed="1">
  <reporter-output>
  </reporter-output>
  <suite name="Default suite" duration-ms="45" started-at="2022-01-17T19:34:36Z" finished-at="2022-01-17T19:34:36Z">
    <groups>
    </groups>
    <test name="Default test" duration-ms="45" started-at="2022-01-17T19:34:36Z" finished-at="2022-01-17T19:34:36Z">
      <class name="com.Collections.ListTestOne">
        <test-method status="PASS" signature="getArrayList()[pri:0, instance:com.Collections.ListTestOne@610694f1]" name="getArrayList" duration-ms="12" started-at="2022-01-17T11:34:36Z" finished-at="2022-01-17T11:34:36Z">
          <reporter-output>
          </reporter-output>
        </test-method> <!-- getArrayList -->
      </class> <!-- com.Collections.ListTestOne -->
    </test> <!-- Default test -->
  </suite> <!-- Default suite -->
</testng-results>
